<?xml version="1.0" encoding="UTF-8"?>
<!-- Generated by org.testng.reporters.JUnitReportReporter -->
<testsuite skipped="0" hostname="DESKTOP-JRRFFRB" name="DriverFactory.DataDrivenDriverScript" tests="1" failures="0" timestamp="03 Feb 2022 07:04:32 GMT" time="16.334" errors="0">
  <testcase name="verifyLogin" time="16.334" classname="DriverFactory.DataDrivenDriverScript"/>
</testsuite> <!-- DriverFactory.DataDrivenDriverScript -->
