<?xml version="1.0" encoding="UTF-8"?>
<!-- Generated by org.testng.reporters.JUnitReportReporter -->
<testsuite hostname="DESKTOP-JRRFFRB" name="jan31.UsingDataProvider" tests="4" failures="0" timestamp="31 Jan 2022 06:08:16 GMT" time="14.880" errors="0">
  <testcase name="verylogin" time="2.280" classname="jan31.UsingDataProvider"/>
  <testcase name="verylogin" time="8.343" classname="jan31.UsingDataProvider"/>
  <testcase name="verylogin" time="2.564" classname="jan31.UsingDataProvider"/>
  <testcase name="verylogin" time="1.693" classname="jan31.UsingDataProvider"/>
</testsuite> <!-- jan31.UsingDataProvider -->
