<?xml version="1.0" encoding="UTF-8"?>
<!-- Generated by org.testng.reporters.JUnitReportReporter -->
<testsuite skipped="0" hostname="DESKTOP-JRRFFRB" name="DriverFactory.DriverScript" tests="1" failures="0" timestamp="03 Feb 2022 07:04:32 GMT" time="77.358" errors="0">
  <testcase name="startTest" time="77.358" classname="DriverFactory.DriverScript"/>
</testsuite> <!-- DriverFactory.DriverScript -->
