<?xml version="1.0" encoding="UTF-8"?>
<!-- Generated by org.testng.reporters.JUnitReportReporter -->
<testsuite hostname="DESKTOP-JRRFFRB" name="DriverFactory.TestScript" tests="1" failures="0" timestamp="28 Jan 2022 07:03:20 GMT" time="19.584" errors="0">
  <testcase name="employeecreation" time="19.584" classname="DriverFactory.TestScript"/>
</testsuite> <!-- DriverFactory.TestScript -->
